<?xml version="1.0" encoding="UTF-8"?>
<testng-results ignored="0" total="1" passed="1" failed="0" skipped="0">
  <reporter-output>
  </reporter-output>
  <suite started-at="2021-09-10T11:27:45 IST" name="Default suite" finished-at="2021-09-10T11:27:47 IST" duration-ms="2042">
    <groups>
    </groups>
    <test started-at="2021-09-10T11:27:45 IST" name="Default test" finished-at="2021-09-10T11:27:47 IST" duration-ms="2042">
      <class name="Login">
        <test-method signature="Login_method()[pri:0, instance:Login@6c779568]" started-at="2021-09-10T11:27:45 IST" name="Login_method" finished-at="2021-09-10T11:27:47 IST" duration-ms="2020" status="PASS">
          <reporter-output>
          </reporter-output>
        </test-method> <!-- Login_method -->
      </class> <!-- Login -->
    </test> <!-- Default test -->
  </suite> <!-- Default suite -->
</testng-results>
